./main myGen -dbGroup=default -dbTable=auth_scene -removePrefixCommon= -removePrefixAlone=auth_ -isApi=1 -isResetLogic=1 -isAuthAction=1 -commonName=权限管理/场景 -isView=1 -sceneCode=platform -isList=1 -isCount=1 -isInfo=1 -isCreate=1 -isUpdate=1 -isDelete=1
    关联表:auth_action_rel_to_scene:true
    关联表:auth_menu:true
    关联表:auth_role:true
./main myGen -dbGroup=default -dbTable=auth_action -removePrefixCommon= -removePrefixAlone=auth_ -isApi=1 -isResetLogic=1 -isAuthAction=1 -commonName=权限管理/操作 -isView=1 -sceneCode=platform -isList=1 -isCount=1 -isInfo=1 -isCreate=1 -isUpdate=1 -isDelete=1
    关联表:auth_role_rel_to_action:true
./main myGen -dbGroup=default -dbTable=auth_menu -removePrefixCommon= -removePrefixAlone=auth_ -isApi=1 -isResetLogic=1 -isAuthAction=1 -commonName=权限管理/菜单 -isView=1 -sceneCode=platform -isList=1 -isCount=1 -isInfo=1 -isCreate=1 -isUpdate=1 -isDelete=1
    关联表:auth_role_rel_to_menu:true
./main myGen -dbGroup=default -dbTable=auth_role -removePrefixCommon= -removePrefixAlone=auth_ -isApi=1 -isResetLogic=1 -isAuthAction=1 -commonName=权限管理/角色 -isView=1 -sceneCode=platform -isList=1 -isCount=1 -isInfo=1 -isCreate=1 -isUpdate=1 -isDelete=1
    关联表:auth_role_rel_of_org_admin:true
    关联表:auth_role_rel_of_platform_admin:true
./main myGen -dbGroup=default -dbTable=platform_admin -removePrefixCommon= -removePrefixAlone=platform_ -isApi=1 -isResetLogic=1 -isAuthAction=1 -commonName=权限管理/平台管理员 -isView=1 -sceneCode=platform -isList=1 -isCount=1 -isInfo=1 -isCreate=1 -isUpdate=1 -isDelete=1
    关联表:auth_role_rel_of_org_admin:false
./main myGen -dbGroup=default -dbTable=org -removePrefixCommon= -removePrefixAlone= -isApi=1 -isResetLogic=1 -isAuthAction=1 -commonName=机构管理/机构 -isView=1 -sceneCode=platform -isList=1 -isCount=1 -isInfo=1 -isCreate=1 -isUpdate=1 -isDelete=1
    扩展表(一对多):org_admin:false
    关联表:org_admin:true
./main myGen -dbGroup=default -dbTable=org_admin -removePrefixCommon= -removePrefixAlone=org_ -isApi=1 -isResetLogic=1 -isAuthAction=1 -commonName=权限管理/机构管理员 -isView=1 -sceneCode=platform -isList=1 -isCount=1 -isInfo=1 -isCreate=1 -isUpdate=1 -isDelete=1
    关联表:auth_role_rel_of_platform_admin:false
./main myGen -dbGroup=default -dbTable=users -removePrefixCommon= -removePrefixAlone= -isApi=1 -isResetLogic=1 -isAuthAction=1 -commonName=用户管理/用户 -isView=1 -sceneCode=platform -isList=1 -isCount=1 -isInfo=1 -isCreate=0 -isUpdate=1 -isDelete=0
    扩展表(一对一):users_privacy:true
./main myGen -dbGroup=default -dbTable=pay -removePrefixCommon= -removePrefixAlone= -isApi=1 -isResetLogic=1 -isAuthAction=1 -commonName=系统管理/支付 -isView=1 -sceneCode=platform -isList=1 -isCount=1 -isInfo=1 -isCreate=1 -isUpdate=1 -isDelete=1
    扩展表(一对多):pay_scene:true